<?xml version="1.0" encoding="UTF-8"?>
<testsuite name="com.ag04smarts.sha.repositories.PatientRepositoryTest" tests="1" skipped="0" failures="0" errors="0" timestamp="2020-08-12T07:11:24" hostname="HARMONYINBLACK" time="0.585">
  <properties/>
  <testcase name="testRepository()" classname="com.ag04smarts.sha.repositories.PatientRepositoryTest" time="0.585"/>
  <system-out><![CDATA[09:11:20.441 [Test worker] DEBUG org.springframework.test.context.BootstrapUtils - Instantiating CacheAwareContextLoaderDelegate from class [org.springframework.test.context.cache.DefaultCacheAwareContextLoaderDelegate]
09:11:20.454 [Test worker] DEBUG org.springframework.test.context.BootstrapUtils - Instantiating BootstrapContext using constructor [public org.springframework.test.context.support.DefaultBootstrapContext(java.lang.Class,org.springframework.test.context.CacheAwareContextLoaderDelegate)]
09:11:20.486 [Test worker] DEBUG org.springframework.test.context.BootstrapUtils - Instantiating TestContextBootstrapper for test class [com.ag04smarts.sha.repositories.PatientRepositoryTest] from class [org.springframework.boot.test.autoconfigure.orm.jpa.DataJpaTestContextBootstrapper]
09:11:20.509 [Test worker] INFO org.springframework.boot.test.autoconfigure.orm.jpa.DataJpaTestContextBootstrapper - Neither @ContextConfiguration nor @ContextHierarchy found for test class [com.ag04smarts.sha.repositories.PatientRepositoryTest], using SpringBootContextLoader
09:11:20.513 [Test worker] DEBUG org.springframework.test.context.support.AbstractContextLoader - Did not detect default resource location for test class [com.ag04smarts.sha.repositories.PatientRepositoryTest]: class path resource [com/ag04smarts/sha/repositories/PatientRepositoryTest-context.xml] does not exist
09:11:20.514 [Test worker] DEBUG org.springframework.test.context.support.AbstractContextLoader - Did not detect default resource location for test class [com.ag04smarts.sha.repositories.PatientRepositoryTest]: class path resource [com/ag04smarts/sha/repositories/PatientRepositoryTestContext.groovy] does not exist
09:11:20.514 [Test worker] INFO org.springframework.test.context.support.AbstractContextLoader - Could not detect default resource locations for test class [com.ag04smarts.sha.repositories.PatientRepositoryTest]: no resource found for suffixes {-context.xml, Context.groovy}.
09:11:20.515 [Test worker] INFO org.springframework.test.context.support.AnnotationConfigContextLoaderUtils - Could not detect default configuration classes for test class [com.ag04smarts.sha.repositories.PatientRepositoryTest]: PatientRepositoryTest does not declare any static, non-private, non-final, nested classes annotated with @Configuration.
09:11:20.569 [Test worker] DEBUG org.springframework.test.context.support.ActiveProfilesUtils - Could not find an 'annotation declaring class' for annotation type [org.springframework.test.context.ActiveProfiles] and class [com.ag04smarts.sha.repositories.PatientRepositoryTest]
09:11:20.642 [Test worker] DEBUG org.springframework.context.annotation.ClassPathScanningCandidateComponentProvider - Identified candidate component class: file [C:\Users\Ivan\Desktop\spring-boot-summer-camp\build\classes\java\main\com\ag04smarts\sha\SHAApplication.class]
09:11:20.643 [Test worker] INFO org.springframework.boot.test.context.SpringBootTestContextBootstrapper - Found @SpringBootConfiguration com.ag04smarts.sha.SHAApplication for test class com.ag04smarts.sha.repositories.PatientRepositoryTest
09:11:20.645 [Test worker] DEBUG org.springframework.boot.test.autoconfigure.orm.jpa.DataJpaTestContextBootstrapper - @TestExecutionListeners is not present for class [com.ag04smarts.sha.repositories.PatientRepositoryTest]: using defaults.
09:11:20.646 [Test worker] INFO org.springframework.boot.test.autoconfigure.orm.jpa.DataJpaTestContextBootstrapper - Loaded default TestExecutionListener class names from location [META-INF/spring.factories]: [org.springframework.boot.test.autoconfigure.restdocs.RestDocsTestExecutionListener, org.springframework.boot.test.autoconfigure.web.client.MockRestServiceServerResetTestExecutionListener, org.springframework.boot.test.autoconfigure.web.servlet.MockMvcPrintOnlyOnFailureTestExecutionListener, org.springframework.boot.test.autoconfigure.web.servlet.WebDriverTestExecutionListener, org.springframework.boot.test.autoconfigure.webservices.client.MockWebServiceServerTestExecutionListener, org.springframework.boot.test.mock.mockito.MockitoTestExecutionListener, org.springframework.boot.test.mock.mockito.ResetMocksTestExecutionListener, org.springframework.test.context.web.ServletTestExecutionListener, org.springframework.test.context.support.DirtiesContextBeforeModesTestExecutionListener, org.springframework.test.context.support.DependencyInjectionTestExecutionListener, org.springframework.test.context.support.DirtiesContextTestExecutionListener, org.springframework.test.context.transaction.TransactionalTestExecutionListener, org.springframework.test.context.jdbc.SqlScriptsTestExecutionListener, org.springframework.test.context.event.EventPublishingTestExecutionListener]
09:11:20.670 [Test worker] INFO org.springframework.boot.test.autoconfigure.orm.jpa.DataJpaTestContextBootstrapper - Using TestExecutionListeners: [org.springframework.test.context.web.ServletTestExecutionListener@6f3f8603, org.springframework.test.context.support.DirtiesContextBeforeModesTestExecutionListener@281b6571, org.springframework.boot.test.mock.mockito.MockitoTestExecutionListener@5f920b97, org.springframework.boot.test.autoconfigure.SpringBootDependencyInjectionTestExecutionListener@971c1cb, org.springframework.test.context.support.DirtiesContextTestExecutionListener@1aed4178, org.springframework.test.context.transaction.TransactionalTestExecutionListener@692e9fb9, org.springframework.test.context.jdbc.SqlScriptsTestExecutionListener@26afffb8, org.springframework.test.context.event.EventPublishingTestExecutionListener@21d70d3f, org.springframework.boot.test.autoconfigure.restdocs.RestDocsTestExecutionListener@51417efc, org.springframework.boot.test.autoconfigure.web.client.MockRestServiceServerResetTestExecutionListener@4c0fe03a, org.springframework.boot.test.autoconfigure.web.servlet.MockMvcPrintOnlyOnFailureTestExecutionListener@1584843c, org.springframework.boot.test.autoconfigure.web.servlet.WebDriverTestExecutionListener@c23dd46, org.springframework.boot.test.autoconfigure.webservices.client.MockWebServiceServerTestExecutionListener@564fe4a0, org.springframework.boot.test.mock.mockito.ResetMocksTestExecutionListener@6572d063]
09:11:20.679 [Test worker] DEBUG org.springframework.test.context.support.AbstractDirtiesContextTestExecutionListener - Before test class: context [DefaultTestContext@300c5e4e testClass = PatientRepositoryTest, testInstance = [null], testMethod = [null], testException = [null], mergedContextConfiguration = [MergedContextConfiguration@3fdfb7f testClass = PatientRepositoryTest, locations = '{}', classes = '{class com.ag04smarts.sha.SHAApplication}', contextInitializerClasses = '[]', activeProfiles = '{}', propertySourceLocations = '{}', propertySourceProperties = '{org.springframework.boot.test.autoconfigure.orm.jpa.DataJpaTestContextBootstrapper=true}', contextCustomizers = set[org.springframework.boot.test.autoconfigure.OverrideAutoConfigurationContextCustomizerFactory$DisableAutoConfigurationContextCustomizer@6b0d594a, org.springframework.boot.test.autoconfigure.filter.TypeExcludeFiltersContextCustomizer@351584c0, org.springframework.boot.test.autoconfigure.properties.PropertyMappingContextCustomizer@d2e6fa78, org.springframework.boot.test.autoconfigure.web.servlet.WebDriverContextCustomizerFactory$Customizer@2a42447e, [ImportsContextCustomizer@7a6387e0 key = [org.springframework.boot.autoconfigure.cache.CacheAutoConfiguration, org.springframework.boot.autoconfigure.data.jpa.JpaRepositoriesAutoConfiguration, org.springframework.boot.autoconfigure.flyway.FlywayAutoConfiguration, org.springframework.boot.autoconfigure.jdbc.DataSourceAutoConfiguration, org.springframework.boot.autoconfigure.jdbc.DataSourceTransactionManagerAutoConfiguration, org.springframework.boot.autoconfigure.jdbc.JdbcTemplateAutoConfiguration, org.springframework.boot.autoconfigure.liquibase.LiquibaseAutoConfiguration, org.springframework.boot.autoconfigure.orm.jpa.HibernateJpaAutoConfiguration, org.springframework.boot.autoconfigure.transaction.TransactionAutoConfiguration, org.springframework.boot.test.autoconfigure.jdbc.TestDatabaseAutoConfiguration, org.springframework.boot.test.autoconfigure.orm.jpa.TestEntityManagerAutoConfiguration]], org.springframework.boot.test.context.filter.ExcludeFilterContextCustomizer@16ac9c1b, org.springframework.boot.test.json.DuplicateJsonObjectContextCustomizerFactory$DuplicateJsonObjectContextCustomizer@77a89dac, org.springframework.boot.test.mock.mockito.MockitoContextCustomizer@0, org.springframework.boot.test.context.SpringBootTestArgs@1], contextLoader = 'org.springframework.boot.test.context.SpringBootContextLoader', parent = [null]], attributes = map[[empty]]], class annotated with @DirtiesContext [false] with mode [null].
09:11:20.690 [Test worker] DEBUG org.springframework.test.context.support.DependencyInjectionTestExecutionListener - Performing dependency injection for test context [[DefaultTestContext@300c5e4e testClass = PatientRepositoryTest, testInstance = com.ag04smarts.sha.repositories.PatientRepositoryTest@13344ca1, testMethod = [null], testException = [null], mergedContextConfiguration = [MergedContextConfiguration@3fdfb7f testClass = PatientRepositoryTest, locations = '{}', classes = '{class com.ag04smarts.sha.SHAApplication}', contextInitializerClasses = '[]', activeProfiles = '{}', propertySourceLocations = '{}', propertySourceProperties = '{org.springframework.boot.test.autoconfigure.orm.jpa.DataJpaTestContextBootstrapper=true}', contextCustomizers = set[org.springframework.boot.test.autoconfigure.OverrideAutoConfigurationContextCustomizerFactory$DisableAutoConfigurationContextCustomizer@6b0d594a, org.springframework.boot.test.autoconfigure.filter.TypeExcludeFiltersContextCustomizer@351584c0, org.springframework.boot.test.autoconfigure.properties.PropertyMappingContextCustomizer@d2e6fa78, org.springframework.boot.test.autoconfigure.web.servlet.WebDriverContextCustomizerFactory$Customizer@2a42447e, [ImportsContextCustomizer@7a6387e0 key = [org.springframework.boot.autoconfigure.cache.CacheAutoConfiguration, org.springframework.boot.autoconfigure.data.jpa.JpaRepositoriesAutoConfiguration, org.springframework.boot.autoconfigure.flyway.FlywayAutoConfiguration, org.springframework.boot.autoconfigure.jdbc.DataSourceAutoConfiguration, org.springframework.boot.autoconfigure.jdbc.DataSourceTransactionManagerAutoConfiguration, org.springframework.boot.autoconfigure.jdbc.JdbcTemplateAutoConfiguration, org.springframework.boot.autoconfigure.liquibase.LiquibaseAutoConfiguration, org.springframework.boot.autoconfigure.orm.jpa.HibernateJpaAutoConfiguration, org.springframework.boot.autoconfigure.transaction.TransactionAutoConfiguration, org.springframework.boot.test.autoconfigure.jdbc.TestDatabaseAutoConfiguration, org.springframework.boot.test.autoconfigure.orm.jpa.TestEntityManagerAutoConfiguration]], org.springframework.boot.test.context.filter.ExcludeFilterContextCustomizer@16ac9c1b, org.springframework.boot.test.json.DuplicateJsonObjectContextCustomizerFactory$DuplicateJsonObjectContextCustomizer@77a89dac, org.springframework.boot.test.mock.mockito.MockitoContextCustomizer@0, org.springframework.boot.test.context.SpringBootTestArgs@1], contextLoader = 'org.springframework.boot.test.context.SpringBootContextLoader', parent = [null]], attributes = map[[empty]]]].
09:11:20.717 [Test worker] DEBUG org.springframework.test.context.support.TestPropertySourceUtils - Adding inlined properties to environment: {spring.jmx.enabled=false, org.springframework.boot.test.autoconfigure.orm.jpa.DataJpaTestContextBootstrapper=true}

  .   ____          _            __ _ _
 /\\ / ___'_ __ _ _(_)_ __  __ _ \ \ \ \
( ( )\___ | '_ | '_| | '_ \/ _` | \ \ \ \
 \\/  ___)| |_)| | | | | || (_| |  ) ) ) )
  '  |____| .__|_| |_|_| |_\__, | / / / /
 =========|_|==============|___/=/_/_/_/
 :: Spring Boot ::        (v2.3.0.RELEASE)

2020-08-12 09:11:21.130  INFO 3488 --- [    Test worker] c.a.s.r.PatientRepositoryTest            : Starting PatientRepositoryTest on HarmonyInBlack with PID 3488 (started by Ivan in C:\Users\Ivan\Desktop\spring-boot-summer-camp)
2020-08-12 09:11:21.131  INFO 3488 --- [    Test worker] c.a.s.r.PatientRepositoryTest            : The following profiles are active: EN
2020-08-12 09:11:21.810  INFO 3488 --- [    Test worker] .s.d.r.c.RepositoryConfigurationDelegate : Bootstrapping Spring Data JPA repositories in LAZY mode.
2020-08-12 09:11:21.964  INFO 3488 --- [    Test worker] .s.d.r.c.RepositoryConfigurationDelegate : Finished Spring Data repository scanning in 142ms. Found 6 JPA repository interfaces.
2020-08-12 09:11:22.022  INFO 3488 --- [    Test worker] beddedDataSourceBeanFactoryPostProcessor : Replacing 'dataSource' DataSource bean with embedded version
2020-08-12 09:11:22.199  INFO 3488 --- [    Test worker] o.s.j.d.e.EmbeddedDatabaseFactory        : Starting embedded database: url='jdbc:h2:mem:74128093-7da0-4a7b-aff2-8c4cf68e6b41;DB_CLOSE_DELAY=-1;DB_CLOSE_ON_EXIT=false', username='sa'
2020-08-12 09:11:22.635  INFO 3488 --- [    Test worker] o.hibernate.jpa.internal.util.LogHelper  : HHH000204: Processing PersistenceUnitInfo [name: default]
2020-08-12 09:11:22.697  INFO 3488 --- [    Test worker] org.hibernate.Version                    : HHH000412: Hibernate ORM core version 5.4.15.Final
2020-08-12 09:11:22.858  INFO 3488 --- [    Test worker] o.hibernate.annotations.common.Version   : HCANN000001: Hibernate Commons Annotations {5.1.0.Final}
2020-08-12 09:11:23.004  INFO 3488 --- [    Test worker] org.hibernate.dialect.Dialect            : HHH000400: Using dialect: org.hibernate.dialect.H2Dialect
Hibernate: drop table if exists appointemnt CASCADE 
Hibernate: drop table if exists doctor CASCADE 
Hibernate: drop table if exists history CASCADE 
Hibernate: drop table if exists patient CASCADE 
Hibernate: drop table if exists records CASCADE 
Hibernate: drop table if exists symptom CASCADE 
Hibernate: drop table if exists symptoms_id CASCADE 
Hibernate: drop sequence if exists hibernate_sequence
Hibernate: create sequence hibernate_sequence start with 1 increment by 1
Hibernate: create table appointemnt (id bigint not null, appointment_date date, doctor_id bigint, patient_id bigint, primary key (id))
Hibernate: create table doctor (id bigint not null, first_name varchar(255), last_name varchar(255), doctor_expertise varchar(255), primary key (id))
Hibernate: create table history (id bigint not null, new_status varchar(255), old_status varchar(255), treatment_remark varchar(255), doctor_id bigint, patient_id bigint, primary key (id))
Hibernate: create table patient (id bigint not null, first_name varchar(255), last_name varchar(255), age integer, date date, email varchar(255), enlistment_date date, gender integer, phone_number varchar(255), status varchar(255), patient_medical_record_id bigint, patient_id bigint, primary key (id))
Hibernate: create table records (id bigint not null, diagnosis varchar(255), treatment varchar(255), patient_id bigint, primary key (id))
Hibernate: create table symptom (id bigint not null, description varchar(255), primary key (id))
Hibernate: create table symptoms_id (patient_medical_record_id bigint not null, symptoms_id bigint not null, primary key (patient_medical_record_id, symptoms_id))
Hibernate: alter table patient add constraint UK_svpsu8u9id0wtb1miux07wflb unique (patient_medical_record_id)
Hibernate: alter table appointemnt add constraint FKol3jjiaiy9kpi0h9emcoqagk4 foreign key (doctor_id) references doctor
Hibernate: alter table appointemnt add constraint FKqbiokb77kftvthi3drtqr0mil foreign key (patient_id) references patient
Hibernate: alter table history add constraint FKey2cx4tujue80m839oy8ytkcp foreign key (doctor_id) references doctor
Hibernate: alter table history add constraint FK4wdh7h9opj7rtetj2i19jy0pn foreign key (patient_id) references patient
Hibernate: alter table patient add constraint FKqypuwjhr0ibbapyg7uv5isfck foreign key (patient_medical_record_id) references records
Hibernate: alter table patient add constraint FKsyrmx7lp2294t3aq16ibpgaqb foreign key (patient_id) references history
Hibernate: alter table records add constraint FKhpj5echnlgr8emyvmkb1t2nyh foreign key (patient_id) references patient
Hibernate: alter table symptoms_id add constraint FK1qdf43493hm8uhhnt528cm7iw foreign key (symptoms_id) references symptom
Hibernate: alter table symptoms_id add constraint FKhshe48tgxkye0jsg38jfpvekd foreign key (patient_medical_record_id) references records
2020-08-12 09:11:23.856  INFO 3488 --- [    Test worker] o.h.e.t.j.p.i.JtaPlatformInitiator       : HHH000490: Using JtaPlatform implementation: [org.hibernate.engine.transaction.jta.platform.internal.NoJtaPlatform]
2020-08-12 09:11:23.864  INFO 3488 --- [    Test worker] j.LocalContainerEntityManagerFactoryBean : Initialized JPA EntityManagerFactory for persistence unit 'default'
2020-08-12 09:11:24.004  INFO 3488 --- [    Test worker] c.a.s.r.PatientRepositoryTest            : Started PatientRepositoryTest in 3.283 seconds (JVM running for 4.381)
2020-08-12 09:11:24.104  INFO 3488 --- [    Test worker] o.s.t.c.transaction.TransactionContext   : Began transaction (1) for test context [DefaultTestContext@300c5e4e testClass = PatientRepositoryTest, testInstance = com.ag04smarts.sha.repositories.PatientRepositoryTest@13344ca1, testMethod = testRepository@PatientRepositoryTest, testException = [null], mergedContextConfiguration = [MergedContextConfiguration@3fdfb7f testClass = PatientRepositoryTest, locations = '{}', classes = '{class com.ag04smarts.sha.SHAApplication}', contextInitializerClasses = '[]', activeProfiles = '{}', propertySourceLocations = '{}', propertySourceProperties = '{org.springframework.boot.test.autoconfigure.orm.jpa.DataJpaTestContextBootstrapper=true}', contextCustomizers = set[org.springframework.boot.test.autoconfigure.OverrideAutoConfigurationContextCustomizerFactory$DisableAutoConfigurationContextCustomizer@6b0d594a, org.springframework.boot.test.autoconfigure.filter.TypeExcludeFiltersContextCustomizer@351584c0, org.springframework.boot.test.autoconfigure.properties.PropertyMappingContextCustomizer@d2e6fa78, org.springframework.boot.test.autoconfigure.web.servlet.WebDriverContextCustomizerFactory$Customizer@2a42447e, [ImportsContextCustomizer@7a6387e0 key = [org.springframework.boot.autoconfigure.cache.CacheAutoConfiguration, org.springframework.boot.autoconfigure.data.jpa.JpaRepositoriesAutoConfiguration, org.springframework.boot.autoconfigure.flyway.FlywayAutoConfiguration, org.springframework.boot.autoconfigure.jdbc.DataSourceAutoConfiguration, org.springframework.boot.autoconfigure.jdbc.DataSourceTransactionManagerAutoConfiguration, org.springframework.boot.autoconfigure.jdbc.JdbcTemplateAutoConfiguration, org.springframework.boot.autoconfigure.liquibase.LiquibaseAutoConfiguration, org.springframework.boot.autoconfigure.orm.jpa.HibernateJpaAutoConfiguration, org.springframework.boot.autoconfigure.transaction.TransactionAutoConfiguration, org.springframework.boot.test.autoconfigure.jdbc.TestDatabaseAutoConfiguration, org.springframework.boot.test.autoconfigure.orm.jpa.TestEntityManagerAutoConfiguration]], org.springframework.boot.test.context.filter.ExcludeFilterContextCustomizer@16ac9c1b, org.springframework.boot.test.json.DuplicateJsonObjectContextCustomizerFactory$DuplicateJsonObjectContextCustomizer@77a89dac, org.springframework.boot.test.mock.mockito.MockitoContextCustomizer@0, org.springframework.boot.test.context.SpringBootTestArgs@1], contextLoader = 'org.springframework.boot.test.context.SpringBootContextLoader', parent = [null]], attributes = map[[empty]]]; transaction manager [org.springframework.orm.jpa.JpaTransactionManager@62414e7a]; rollback [true]
Hibernate: call next value for hibernate_sequence
2020-08-12 09:11:24.609  INFO 3488 --- [    Test worker] o.s.t.c.transaction.TransactionContext   : Rolled back transaction for test: [DefaultTestContext@300c5e4e testClass = PatientRepositoryTest, testInstance = com.ag04smarts.sha.repositories.PatientRepositoryTest@13344ca1, testMethod = testRepository@PatientRepositoryTest, testException = [null], mergedContextConfiguration = [MergedContextConfiguration@3fdfb7f testClass = PatientRepositoryTest, locations = '{}', classes = '{class com.ag04smarts.sha.SHAApplication}', contextInitializerClasses = '[]', activeProfiles = '{}', propertySourceLocations = '{}', propertySourceProperties = '{org.springframework.boot.test.autoconfigure.orm.jpa.DataJpaTestContextBootstrapper=true}', contextCustomizers = set[org.springframework.boot.test.autoconfigure.OverrideAutoConfigurationContextCustomizerFactory$DisableAutoConfigurationContextCustomizer@6b0d594a, org.springframework.boot.test.autoconfigure.filter.TypeExcludeFiltersContextCustomizer@351584c0, org.springframework.boot.test.autoconfigure.properties.PropertyMappingContextCustomizer@d2e6fa78, org.springframework.boot.test.autoconfigure.web.servlet.WebDriverContextCustomizerFactory$Customizer@2a42447e, [ImportsContextCustomizer@7a6387e0 key = [org.springframework.boot.autoconfigure.cache.CacheAutoConfiguration, org.springframework.boot.autoconfigure.data.jpa.JpaRepositoriesAutoConfiguration, org.springframework.boot.autoconfigure.flyway.FlywayAutoConfiguration, org.springframework.boot.autoconfigure.jdbc.DataSourceAutoConfiguration, org.springframework.boot.autoconfigure.jdbc.DataSourceTransactionManagerAutoConfiguration, org.springframework.boot.autoconfigure.jdbc.JdbcTemplateAutoConfiguration, org.springframework.boot.autoconfigure.liquibase.LiquibaseAutoConfiguration, org.springframework.boot.autoconfigure.orm.jpa.HibernateJpaAutoConfiguration, org.springframework.boot.autoconfigure.transaction.TransactionAutoConfiguration, org.springframework.boot.test.autoconfigure.jdbc.TestDatabaseAutoConfiguration, org.springframework.boot.test.autoconfigure.orm.jpa.TestEntityManagerAutoConfiguration]], org.springframework.boot.test.context.filter.ExcludeFilterContextCustomizer@16ac9c1b, org.springframework.boot.test.json.DuplicateJsonObjectContextCustomizerFactory$DuplicateJsonObjectContextCustomizer@77a89dac, org.springframework.boot.test.mock.mockito.MockitoContextCustomizer@0, org.springframework.boot.test.context.SpringBootTestArgs@1], contextLoader = 'org.springframework.boot.test.context.SpringBootContextLoader', parent = [null]], attributes = map[[empty]]]
]]></system-out>
  <system-err><![CDATA[]]></system-err>
</testsuite>
